<?xml version="1.0" encoding="UTF-8"?>
<testng-results skipped="0" failed="0" ignored="0" total="1" passed="1">
  <reporter-output>
  </reporter-output>
  <suite name="Default suite" duration-ms="141" started-at="2019-09-27T05:43:12Z" finished-at="2019-09-27T05:43:12Z">
    <groups>
    </groups>
    <test name="Default test" duration-ms="141" started-at="2019-09-27T05:43:12Z" finished-at="2019-09-27T05:43:12Z">
      <class name="com.ssi.Config">
        <test-method status="PASS" signature="getData()[pri:0, instance:com.ssi.Config@5e5792a0]" name="getData" duration-ms="47" started-at="2019-09-27T05:43:12Z" finished-at="2019-09-27T05:43:12Z">
          <reporter-output>
          </reporter-output>
        </test-method> <!-- getData -->
      </class> <!-- com.ssi.Config -->
    </test> <!-- Default test -->
  </suite> <!-- Default suite -->
</testng-results>
